This is pdfTeX, Version 3.141592653-2.6-1.40.24 (TeX Live 2022) (preloaded format=pdflatex 2022.10.11)  3 NOV 2022 22:01
entering extended mode
 restricted \write18 enabled.
 file:line:error style messages enabled.
 %&-line parsing enabled.
**MetaKicks.tex
(./MetaKicks.tex
LaTeX2e <2021-11-15> patch level 1
L3 programming layer <2022-02-24>
(/usr/local/texlive/2022/texmf-dist/tex/latex/ieeetran/IEEEtran.cls
Document Class: IEEEtran 2015/08/26 V1.8b by Michael Shell
-- See the "IEEEtran_HOWTO" manual for usage information.
-- http://www.michaelshell.org/tex/ieeetran/
\@IEEEtrantmpdimenA=\dimen138
\@IEEEtrantmpdimenB=\dimen139
\@IEEEtrantmpdimenC=\dimen140
\@IEEEtrantmpcountA=\count185
\@IEEEtrantmpcountB=\count186
\@IEEEtrantmpcountC=\count187
\@IEEEtrantmptoksA=\toks16
LaTeX Font Info:    Trying to load font information for OT1+ptm on input line 5
03.
(/usr/local/texlive/2022/texmf-dist/tex/latex/psnfss/ot1ptm.fd
File: ot1ptm.fd 2001/06/04 font definitions for OT1/ptm.
)
-- Using 8.5in x 11in (letter) paper.
-- Using PDF output.
\@IEEEnormalsizeunitybaselineskip=\dimen141
-- This is a 10 point document.
\CLASSINFOnormalsizebaselineskip=\dimen142
\CLASSINFOnormalsizeunitybaselineskip=\dimen143
\IEEEnormaljot=\dimen144
LaTeX Font Info:    Font shape `OT1/ptm/bx/n' in size <5> not available
(Font)              Font shape `OT1/ptm/b/n' tried instead on input line 1090.
LaTeX Font Info:    Font shape `OT1/ptm/bx/it' in size <5> not available
(Font)              Font shape `OT1/ptm/b/it' tried instead on input line 1090.

LaTeX Font Info:    Font shape `OT1/ptm/bx/n' in size <7> not available
(Font)              Font shape `OT1/ptm/b/n' tried instead on input line 1090.
LaTeX Font Info:    Font shape `OT1/ptm/bx/it' in size <7> not available
(Font)              Font shape `OT1/ptm/b/it' tried instead on input line 1090.

LaTeX Font Info:    Font shape `OT1/ptm/bx/n' in size <8> not available
(Font)              Font shape `OT1/ptm/b/n' tried instead on input line 1090.
LaTeX Font Info:    Font shape `OT1/ptm/bx/it' in size <8> not available
(Font)              Font shape `OT1/ptm/b/it' tried instead on input line 1090.

LaTeX Font Info:    Font shape `OT1/ptm/bx/n' in size <9> not available
(Font)              Font shape `OT1/ptm/b/n' tried instead on input line 1090.
LaTeX Font Info:    Font shape `OT1/ptm/bx/it' in size <9> not available
(Font)              Font shape `OT1/ptm/b/it' tried instead on input line 1090.

LaTeX Font Info:    Font shape `OT1/ptm/bx/n' in size <10> not available
(Font)              Font shape `OT1/ptm/b/n' tried instead on input line 1090.
LaTeX Font Info:    Font shape `OT1/ptm/bx/it' in size <10> not available
(Font)              Font shape `OT1/ptm/b/it' tried instead on input line 1090.

LaTeX Font Info:    Font shape `OT1/ptm/bx/n' in size <11> not available
(Font)              Font shape `OT1/ptm/b/n' tried instead on input line 1090.
LaTeX Font Info:    Font shape `OT1/ptm/bx/it' in size <11> not available
(Font)              Font shape `OT1/ptm/b/it' tried instead on input line 1090.

LaTeX Font Info:    Font shape `OT1/ptm/bx/n' in size <12> not available
(Font)              Font shape `OT1/ptm/b/n' tried instead on input line 1090.
LaTeX Font Info:    Font shape `OT1/ptm/bx/it' in size <12> not available
(Font)              Font shape `OT1/ptm/b/it' tried instead on input line 1090.

LaTeX Font Info:    Font shape `OT1/ptm/bx/n' in size <17> not available
(Font)              Font shape `OT1/ptm/b/n' tried instead on input line 1090.
LaTeX Font Info:    Font shape `OT1/ptm/bx/it' in size <17> not available
(Font)              Font shape `OT1/ptm/b/it' tried instead on input line 1090.

LaTeX Font Info:    Font shape `OT1/ptm/bx/n' in size <20> not available
(Font)              Font shape `OT1/ptm/b/n' tried instead on input line 1090.
LaTeX Font Info:    Font shape `OT1/ptm/bx/it' in size <20> not available
(Font)              Font shape `OT1/ptm/b/it' tried instead on input line 1090.

LaTeX Font Info:    Font shape `OT1/ptm/bx/n' in size <24> not available
(Font)              Font shape `OT1/ptm/b/n' tried instead on input line 1090.
LaTeX Font Info:    Font shape `OT1/ptm/bx/it' in size <24> not available
(Font)              Font shape `OT1/ptm/b/it' tried instead on input line 1090.

\IEEEquantizedlength=\dimen145
\IEEEquantizedlengthdiff=\dimen146
\IEEEquantizedtextheightdiff=\dimen147
\IEEEilabelindentA=\dimen148
\IEEEilabelindentB=\dimen149
\IEEEilabelindent=\dimen150
\IEEEelabelindent=\dimen151
\IEEEdlabelindent=\dimen152
\IEEElabelindent=\dimen153
\IEEEiednormlabelsep=\dimen154
\IEEEiedmathlabelsep=\dimen155
\IEEEiedtopsep=\skip47
\c@section=\count188
\c@subsection=\count189
\c@subsubsection=\count190
\c@paragraph=\count191
\c@IEEEsubequation=\count192
\abovecaptionskip=\skip48
\belowcaptionskip=\skip49
\c@figure=\count193
\c@table=\count194
\@IEEEeqnnumcols=\count195
\@IEEEeqncolcnt=\count196
\@IEEEsubeqnnumrollback=\count197
\@IEEEquantizeheightA=\dimen156
\@IEEEquantizeheightB=\dimen157
\@IEEEquantizeheightC=\dimen158
\@IEEEquantizeprevdepth=\dimen159
\@IEEEquantizemultiple=\count198
\@IEEEquantizeboxA=\box50
\@IEEEtmpitemindent=\dimen160
\IEEEPARstartletwidth=\dimen161
\c@IEEEbiography=\count199
\@IEEEtranrubishbin=\box51
)
** ATTENTION: Overriding command lockouts (line 2).
(/usr/local/texlive/2022/texmf-dist/tex/latex/cite/cite.sty
LaTeX Info: Redefining \cite on input line 302.
LaTeX Info: Redefining \nocite on input line 332.
Package: cite 2015/02/27  v 5.5
)
(/usr/local/texlive/2022/texmf-dist/tex/latex/amsmath/amsmath.sty
Package: amsmath 2021/10/15 v2.17l AMS math features
\@mathmargin=\skip50

For additional information on amsmath, use the `?' option.
(/usr/local/texlive/2022/texmf-dist/tex/latex/amsmath/amstext.sty
Package: amstext 2021/08/26 v2.01 AMS text

(/usr/local/texlive/2022/texmf-dist/tex/latex/amsmath/amsgen.sty
File: amsgen.sty 1999/11/30 v2.0 generic functions
\@emptytoks=\toks17
\ex@=\dimen162
))
(/usr/local/texlive/2022/texmf-dist/tex/latex/amsmath/amsbsy.sty
Package: amsbsy 1999/11/29 v1.2d Bold Symbols
\pmbraise@=\dimen163
)
(/usr/local/texlive/2022/texmf-dist/tex/latex/amsmath/amsopn.sty
Package: amsopn 2021/08/26 v2.02 operator names
)
\inf@bad=\count266
LaTeX Info: Redefining \frac on input line 234.
\uproot@=\count267
\leftroot@=\count268
LaTeX Info: Redefining \overline on input line 399.
\classnum@=\count269
\DOTSCASE@=\count270
LaTeX Info: Redefining \ldots on input line 496.
LaTeX Info: Redefining \dots on input line 499.
LaTeX Info: Redefining \cdots on input line 620.
\Mathstrutbox@=\box52
\strutbox@=\box53
\big@size=\dimen164
LaTeX Font Info:    Redeclaring font encoding OML on input line 743.
LaTeX Font Info:    Redeclaring font encoding OMS on input line 744.
\macc@depth=\count271
\c@MaxMatrixCols=\count272
\dotsspace@=\muskip16
\c@parentequation=\count273
\dspbrk@lvl=\count274
\tag@help=\toks18
\row@=\count275
\column@=\count276
\maxfields@=\count277
\andhelp@=\toks19
\eqnshift@=\dimen165
\alignsep@=\dimen166
\tagshift@=\dimen167
\tagwidth@=\dimen168
\totwidth@=\dimen169
\lineht@=\dimen170
\@envbody=\toks20
\multlinegap=\skip51
\multlinetaggap=\skip52
\mathdisplay@stack=\toks21
LaTeX Info: Redefining \[ on input line 2938.
LaTeX Info: Redefining \] on input line 2939.
)
(/usr/local/texlive/2022/texmf-dist/tex/latex/amsfonts/amssymb.sty
Package: amssymb 2013/01/14 v3.01 AMS font symbols

(/usr/local/texlive/2022/texmf-dist/tex/latex/amsfonts/amsfonts.sty
Package: amsfonts 2013/01/14 v3.01 Basic AMSFonts support
\symAMSa=\mathgroup4
\symAMSb=\mathgroup5
LaTeX Font Info:    Redeclaring math symbol \hbar on input line 98.
LaTeX Font Info:    Overwriting math alphabet `\mathfrak' in version `bold'
(Font)                  U/euf/m/n --> U/euf/b/n on input line 106.
))
(/usr/local/texlive/2022/texmf-dist/tex/latex/algorithms/algorithmic.sty
Package: algorithmic 2009/08/24 v0.1 Document Style `algorithmic'

(/usr/local/texlive/2022/texmf-dist/tex/latex/base/ifthen.sty
Package: ifthen 2020/11/24 v1.1c Standard LaTeX ifthen package (DPC)
)
(/usr/local/texlive/2022/texmf-dist/tex/latex/graphics/keyval.sty
Package: keyval 2014/10/28 v1.15 key=value parser (DPC)
\KV@toks@=\toks22
)
\c@ALC@unique=\count278
\c@ALC@line=\count279
\c@ALC@rem=\count280
\c@ALC@depth=\count281
\ALC@tlm=\skip53
\algorithmicindent=\skip54
)
(/usr/local/texlive/2022/texmf-dist/tex/latex/graphics/graphicx.sty
Package: graphicx 2021/09/16 v1.2d Enhanced LaTeX Graphics (DPC,SPQR)

(/usr/local/texlive/2022/texmf-dist/tex/latex/graphics/graphics.sty
Package: graphics 2021/03/04 v1.4d Standard LaTeX Graphics (DPC,SPQR)

(/usr/local/texlive/2022/texmf-dist/tex/latex/graphics/trig.sty
Package: trig 2021/08/11 v1.11 sin cos tan (DPC)
)
(/usr/local/texlive/2022/texmf-dist/tex/latex/graphics-cfg/graphics.cfg
File: graphics.cfg 2016/06/04 v1.11 sample graphics configuration
)
Package graphics Info: Driver file: pdftex.def on input line 107.

(/usr/local/texlive/2022/texmf-dist/tex/latex/graphics-def/pdftex.def
File: pdftex.def 2020/10/05 v1.2a Graphics/color driver for pdftex
))
\Gin@req@height=\dimen171
\Gin@req@width=\dimen172
)
(/usr/local/texlive/2022/texmf-dist/tex/latex/base/textcomp.sty
Package: textcomp 2020/02/02 v2.0n Standard LaTeX package
)
(/usr/local/texlive/2022/texmf-dist/tex/latex/xcolor/xcolor.sty
Package: xcolor 2021/10/31 v2.13 LaTeX color extensions (UK)

(/usr/local/texlive/2022/texmf-dist/tex/latex/graphics-cfg/color.cfg
File: color.cfg 2016/01/02 v1.6 sample color configuration
)
Package xcolor Info: Driver file: pdftex.def on input line 227.
Package xcolor Info: Model `cmy' substituted by `cmy0' on input line 1352.
Package xcolor Info: Model `hsb' substituted by `rgb' on input line 1356.
Package xcolor Info: Model `RGB' extended on input line 1368.
Package xcolor Info: Model `HTML' substituted by `rgb' on input line 1370.
Package xcolor Info: Model `Hsb' substituted by `hsb' on input line 1371.
Package xcolor Info: Model `tHsb' substituted by `hsb' on input line 1372.
Package xcolor Info: Model `HSB' substituted by `hsb' on input line 1373.
Package xcolor Info: Model `Gray' substituted by `gray' on input line 1374.
Package xcolor Info: Model `wave' substituted by `hsb' on input line 1375.
)
(/usr/local/texlive/2022/texmf-dist/tex/latex/l3backend/l3backend-pdftex.def
File: l3backend-pdftex.def 2022-02-07 L3 backend support: PDF output (pdfTeX)
\l__color_backend_stack_int=\count282
\l__pdf_internal_box=\box54
)
(./MetaKicks.aux)
\openout1 = `MetaKicks.aux'.

LaTeX Font Info:    Checking defaults for OML/cmm/m/it on input line 12.
LaTeX Font Info:    ... okay on input line 12.
LaTeX Font Info:    Checking defaults for OMS/cmsy/m/n on input line 12.
LaTeX Font Info:    ... okay on input line 12.
LaTeX Font Info:    Checking defaults for OT1/cmr/m/n on input line 12.
LaTeX Font Info:    ... okay on input line 12.
LaTeX Font Info:    Checking defaults for T1/cmr/m/n on input line 12.
LaTeX Font Info:    ... okay on input line 12.
LaTeX Font Info:    Checking defaults for TS1/cmr/m/n on input line 12.
LaTeX Font Info:    ... okay on input line 12.
LaTeX Font Info:    Checking defaults for OMX/cmex/m/n on input line 12.
LaTeX Font Info:    ... okay on input line 12.
LaTeX Font Info:    Checking defaults for U/cmr/m/n on input line 12.
LaTeX Font Info:    ... okay on input line 12.

-- Lines per column: 56 (exact).
(/usr/local/texlive/2022/texmf-dist/tex/context/base/mkii/supp-pdf.mkii
[Loading MPS to PDF converter (version 2006.09.02).]
\scratchcounter=\count283
\scratchdimen=\dimen173
\scratchbox=\box55
\nofMPsegments=\count284
\nofMParguments=\count285
\everyMPshowfont=\toks23
\MPscratchCnt=\count286
\MPscratchDim=\dimen174
\MPnumerator=\count287
\makeMPintoPDFobject=\count288
\everyMPtoPDFconversion=\toks24
) (/usr/local/texlive/2022/texmf-dist/tex/latex/epstopdf-pkg/epstopdf-base.sty
Package: epstopdf-base 2020-01-24 v2.11 Base part for package epstopdf
Package epstopdf-base Info: Redefining graphics rule for `.eps' on input line 4
85.

(/usr/local/texlive/2022/texmf-dist/tex/latex/latexconfig/epstopdf-sys.cfg
File: epstopdf-sys.cfg 2010/07/13 v1.3 Configuration of (r)epstopdf for TeX Liv
e
))
LaTeX Font Info:    Trying to load font information for U+msa on input line 55.


(/usr/local/texlive/2022/texmf-dist/tex/latex/amsfonts/umsa.fd
File: umsa.fd 2013/01/14 v3.01 AMS symbols A
)
LaTeX Font Info:    Trying to load font information for U+msb on input line 55.


(/usr/local/texlive/2022/texmf-dist/tex/latex/amsfonts/umsb.fd
File: umsb.fd 2013/01/14 v3.01 AMS symbols B
)
Overfull \hbox (3.07822pt too wide) in paragraph at lines 60--60
[]\OT1/ptm/m/n/9 Younghwan| 
 []


Underfull \hbox (badness 1960) in paragraph at lines 70--70
[]\OT1/ptm/m/n/9 Development Man-ager man-ages
 []


Underfull \hbox (badness 2443) in paragraph at lines 70--70
\OT1/ptm/m/n/9 ages/supervises the en-tire soft-
 []

[1{/usr/local/texlive/2022/texmf-var/fonts/map/pdftex/updmap/pdftex.map}


]
Underfull \hbox (badness 10000) in paragraph at lines 92--93

 []


Underfull \hbox (badness 1509) in paragraph at lines 94--95
\OT1/ptm/m/n/10 It serves as an on-line mar-ket-place, fa-cil-i-tat-ing auc-tio
ns
 []


Underfull \hbox (badness 2088) in paragraph at lines 94--95
\OT1/ptm/m/n/10 pay-ment fees. Sell-ers send pur-chased items to StockX
 []


Underfull \hbox (badness 1406) in paragraph at lines 94--95
\OT1/ptm/m/n/10 his-to-ries for spe-cific items. StockX is most known for
 []


Underfull \hbox (badness 10000) in paragraph at lines 94--95

 []


Underfull \hbox (badness 2698) in paragraph at lines 96--97
\OT1/ptm/m/n/10 A rep-re-sen-ta-tive home ap-pli-ance man-age-ment app that
 []


Underfull \hbox (badness 2111) in paragraph at lines 96--97
\OT1/ptm/m/n/10 pro-vides smart home ser-vices based on AI. With this
 []


Underfull \hbox (badness 1490) in paragraph at lines 96--97
\OT1/ptm/m/n/10 ap-pli-ca-tion, you can con-trol not only home ap-pli-ances,
 []


Underfull \hbox (badness 10000) in paragraph at lines 96--97

 []


Underfull \hbox (badness 10000) in paragraph at lines 101--102

 []


Underfull \hbox (badness 10000) in paragraph at lines 104--106

 []


Underfull \hbox (badness 10000) in paragraph at lines 106--107

 []


Underfull \hbox (badness 10000) in paragraph at lines 107--108

 []


Underfull \hbox (badness 10000) in paragraph at lines 108--109

 []


Underfull \hbox (badness 10000) in paragraph at lines 112--115

 []


Underfull \hbox (badness 10000) in paragraph at lines 115--117

 []


Underfull \hbox (badness 3000) in paragraph at lines 117--119
\OT1/ptm/m/n/10 Shoe-Case. When the user clicks the shoes, The
 []


Underfull \hbox (badness 10000) in paragraph at lines 117--119

 []


Underfull \hbox (badness 10000) in paragraph at lines 119--121

 []


Underfull \hbox (badness 10000) in paragraph at lines 121--123

 []


Underfull \hbox (badness 10000) in paragraph at lines 127--130

 []

[2]
Underfull \hbox (badness 10000) in paragraph at lines 130--132

 []


Underfull \hbox (badness 10000) in paragraph at lines 132--134

 []


Underfull \hbox (badness 10000) in paragraph at lines 138--141

 []


Underfull \hbox (badness 10000) in paragraph at lines 141--143

 []


Underfull \hbox (badness 10000) in paragraph at lines 143--145

 []


Underfull \hbox (badness 4492) in paragraph at lines 158--159
[]\OT1/ptm/m/n/9 Windows10 21H2, VS-code 1.72.2,
 []


Underfull \hbox (badness 4492) in paragraph at lines 160--161
[]\OT1/ptm/m/n/9 Windows10 21H2, VS-code 1.72.2,
 []


Underfull \hbox (badness 4492) in paragraph at lines 168--169
[]\OT1/ptm/m/n/9 Windows10 21H2, VS-code 1.72.2,
 []


Underfull \hbox (badness 10000) in paragraph at lines 180--180
[]\OT1/ptm/m/n/9 Tools and
 []


LaTeX Warning: `h' float specifier changed to `ht'.

<pics/KREAM.png, id=14, 513.92pt x 513.92pt>
File: pics/KREAM.png Graphic file (type png)
<use pics/KREAM.png>
Package pdftex.def Info: pics/KREAM.png  used on input line 197.
(pdftex.def)             Requested size: 102.78217pt x 102.78217pt.

Underfull \hbox (badness 10000) in paragraph at lines 195--199

 []


Overfull \hbox (24.33002pt too wide) in paragraph at lines 195--199
[] 
 []


Underfull \hbox (badness 2418) in paragraph at lines 195--199
\OT1/ptm/m/n/10 trad-ing plat-form. Un-like gen-eral di-rect trans-ac-tion
 []


Underfull \hbox (badness 10000) in paragraph at lines 195--199

 []


Underfull \vbox (badness 10000) has occurred while \output is active []

 [3]
<pics/StockX.png, id=18, 867.24pt x 172.4844pt>
File: pics/StockX.png Graphic file (type png)
<use pics/StockX.png>
Package pdftex.def Info: pics/StockX.png  used on input line 201.
(pdftex.def)             Requested size: 173.44493pt x 34.49626pt.

Underfull \hbox (badness 10000) in paragraph at lines 199--203

 []


Overfull \hbox (24.33002pt too wide) in paragraph at lines 199--203
[] 
 []


Underfull \hbox (badness 1383) in paragraph at lines 199--203
\OT1/ptm/m/n/10 then au-then-ti-cated prod-ucts are shipped to buy-ers.
 []


Underfull \hbox (badness 10000) in paragraph at lines 199--203

 []

<pics/LG.png, id=19, 302.12875pt x 167.62625pt>
File: pics/LG.png Graphic file (type png)
<use pics/LG.png>
Package pdftex.def Info: pics/LG.png  used on input line 205.
(pdftex.def)             Requested size: 120.84935pt x 67.0493pt.

Underfull \hbox (badness 10000) in paragraph at lines 203--207

 []


Overfull \hbox (24.33002pt too wide) in paragraph at lines 203--207
[] 
 []


Underfull \hbox (badness 10000) in paragraph at lines 203--207

 []


Underfull \vbox (badness 10000) has occurred while \output is active []

<pics/GitHub.png, id=20, 334.24875pt x 151.56625pt>
File: pics/GitHub.png Graphic file (type png)
<use pics/GitHub.png>
Package pdftex.def Info: pics/GitHub.png  used on input line 209.
(pdftex.def)             Requested size: 133.69713pt x 60.62541pt.

Underfull \hbox (badness 10000) in paragraph at lines 207--211

 []


Overfull \hbox (24.33002pt too wide) in paragraph at lines 207--211
[] 
 []


Underfull \hbox (badness 10000) in paragraph at lines 207--211

 []

<pics/nodejs.png, id=21, 1027.84pt x 629.35126pt>
File: pics/nodejs.png Graphic file (type png)
<use pics/nodejs.png>
Package pdftex.def Info: pics/nodejs.png  used on input line 213.
(pdftex.def)             Requested size: 133.62389pt x 81.81853pt.

Underfull \hbox (badness 10000) in paragraph at lines 211--215

 []


Overfull \hbox (24.33002pt too wide) in paragraph at lines 211--215
[] 
 []


Underfull \hbox (badness 2126) in paragraph at lines 211--215
\OT1/ptm/m/n/10 server-side script-ing|running scripts server-side to
 []


Underfull \hbox (badness 10000) in paragraph at lines 211--215

 []

<pics/React-Native.png, id=23, 287.0725pt x 176.66pt>
File: pics/React-Native.png Graphic file (type png)
<use pics/React-Native.png>
Package pdftex.def Info: pics/React-Native.png  used on input line 217.
(pdftex.def)             Requested size: 114.82695pt x 70.66273pt.

Underfull \hbox (badness 10000) in paragraph at lines 215--219

 []


Overfull \hbox (24.33002pt too wide) in paragraph at lines 215--219
[] 
 []


Underfull \hbox (badness 10000) in paragraph at lines 215--219

 []


Underfull \vbox (badness 10000) has occurred while \output is active []

 [4 <./pics/KREAM.png> <./pics/StockX.png (PNG copy)> <./pics/LG.png> <./pics/G
itHub.png> <./pics/nodejs.png> <./pics/React-Native.png>]
<pics/VScode.png, id=31, 2055.68pt x 2055.68pt>
File: pics/VScode.png Graphic file (type png)
<use pics/VScode.png>
Package pdftex.def Info: pics/VScode.png  used on input line 221.
(pdftex.def)             Requested size: 102.79001pt x 102.79001pt.

Underfull \hbox (badness 10000) in paragraph at lines 219--223

 []


Overfull \hbox (24.33002pt too wide) in paragraph at lines 219--223
[] 
 []


Underfull \hbox (badness 10000) in paragraph at lines 219--223

 []

<pics/Firebase.png, id=32, 427.5975pt x 118.4425pt>
File: pics/Firebase.png Graphic file (type png)
<use pics/Firebase.png>
Package pdftex.def Info: pics/Firebase.png  used on input line 225.
(pdftex.def)             Requested size: 171.03596pt x 47.37614pt.

Underfull \hbox (badness 10000) in paragraph at lines 223--227

 []


Overfull \hbox (24.33002pt too wide) in paragraph at lines 223--227
[] 
 []


Underfull \hbox (badness 6094) in paragraph at lines 223--227
\OT1/ptm/m/n/10 func-tions for the web and mo-bile de-vel-op-ment
 []


Underfull \hbox (badness 1675) in paragraph at lines 223--227
\OT1/ptm/m/n/10 au-then-ti-ca-tion func-tions that make Google ac-count
 []


Underfull \hbox (badness 1748) in paragraph at lines 223--227
\OT1/ptm/m/n/10 func-tions easy and Fire-store func-tions that en-able
 []


Underfull \hbox (badness 10000) in paragraph at lines 223--227

 []

<pics/mongo.png, id=33, 434.62375pt x 116.435pt>
File: pics/mongo.png Graphic file (type png)
<use pics/mongo.png>
Package pdftex.def Info: pics/mongo.png  used on input line 229.
(pdftex.def)             Requested size: 173.8464pt x 46.57317pt.

Underfull \hbox (badness 10000) in paragraph at lines 227--231

 []


Overfull \hbox (24.33002pt too wide) in paragraph at lines 227--231
[] 
 []


Underfull \hbox (badness 10000) in paragraph at lines 227--231

 []


Underfull \vbox (badness 10000) has occurred while \output is active []

<pics/express.png, id=34, 409.53pt x 123.46124pt>
File: pics/express.png Graphic file (type png)
<use pics/express.png>
Package pdftex.def Info: pics/express.png  used on input line 233.
(pdftex.def)             Requested size: 163.80908pt x 49.3836pt.

Underfull \hbox (badness 10000) in paragraph at lines 231--235

 []


Overfull \hbox (24.33002pt too wide) in paragraph at lines 231--235
[] 
 []


Underfull \hbox (badness 10000) in paragraph at lines 258--260

 []


Underfull \hbox (badness 10000) in paragraph at lines 260--262

 []


Underfull \hbox (badness 10000) in paragraph at lines 260--262

 []


Underfull \hbox (badness 10000) in paragraph at lines 260--262

 []


Underfull \hbox (badness 10000) in paragraph at lines 263--265

 []


Underfull \hbox (badness 10000) in paragraph at lines 263--265

 []


Underfull \hbox (badness 2671) in paragraph at lines 263--265
\OT1/ptm/m/n/10 If the user failed to lo-gin Google/Apple or get
 []


Underfull \hbox (badness 10000) in paragraph at lines 263--265

 []


Underfull \hbox (badness 10000) in paragraph at lines 265--266

 []

[5 <./pics/VScode.png> <./pics/Firebase.png> <./pics/mongo.png> <./pics/express
.png>]
Underfull \hbox (badness 10000) in paragraph at lines 269--271

 []


Underfull \hbox (badness 10000) in paragraph at lines 271--273

 []


Underfull \hbox (badness 10000) in paragraph at lines 271--273

 []


Underfull \hbox (badness 10000) in paragraph at lines 271--273

 []


Underfull \hbox (badness 10000) in paragraph at lines 273--276

 []


Underfull \hbox (badness 10000) in paragraph at lines 273--276

 []


Underfull \hbox (badness 3907) in paragraph at lines 273--276
\OT1/ptm/m/n/10 Menu page shows this app's state-ment and the
 []


Underfull \hbox (badness 10000) in paragraph at lines 273--276

 []


Underfull \hbox (badness 10000) in paragraph at lines 273--276

 []


Underfull \hbox (badness 10000) in paragraph at lines 276--277

 []


Underfull \hbox (badness 10000) in paragraph at lines 276--277

 []


Underfull \hbox (badness 10000) in paragraph at lines 279--280

 []


Underfull \hbox (badness 10000) in paragraph at lines 279--280

 []


Underfull \hbox (badness 10000) in paragraph at lines 282--283

 []


Underfull \hbox (badness 10000) in paragraph at lines 282--283

 []


Underfull \hbox (badness 10000) in paragraph at lines 285--286

 []


Underfull \hbox (badness 10000) in paragraph at lines 285--286

 []


Underfull \hbox (badness 10000) in paragraph at lines 287--289

 []


Underfull \hbox (badness 1960) in paragraph at lines 287--289
\OT1/ptm/m/n/10 For user's con-ve-nience, there is a nav-i-ga-tion bar
 []


Underfull \hbox (badness 10000) in paragraph at lines 287--289

 []


Underfull \hbox (badness 10000) in paragraph at lines 289--290

 []


Underfull \hbox (badness 10000) in paragraph at lines 296--297

 []


Underfull \hbox (badness 3803) in paragraph at lines 297--298
\OT1/ptm/m/n/10 NFT Shoes" page. Click the NFT Reg-is-ter
 []


Underfull \hbox (badness 10000) in paragraph at lines 297--298

 []


Underfull \hbox (badness 10000) in paragraph at lines 299--303

 []


Underfull \hbox (badness 1755) in paragraph at lines 299--303
\OT1/ptm/m/n/10 In "Reg-is-tered Shoes", reg-is-tered shoes items can
 []


Underfull \hbox (badness 1742) in paragraph at lines 299--303
\OT1/ptm/m/n/10 im-ple-mented to be ob-tained through the KREAM
 []


Underfull \hbox (badness 10000) in paragraph at lines 299--303

 []


Underfull \hbox (badness 10000) in paragraph at lines 303--306

 []


Underfull \hbox (badness 1983) in paragraph at lines 303--306
\OT1/ptm/m/n/10 Each item prop-erty has a check box where you
 []


Underfull \hbox (badness 10000) in paragraph at lines 303--306

 []


Underfull \hbox (badness 10000) in paragraph at lines 306--310

 []


Underfull \hbox (badness 10000) in paragraph at lines 306--310

 []


Underfull \hbox (badness 10000) in paragraph at lines 314--316

 []


Underfull \hbox (badness 10000) in paragraph at lines 314--316

 []


Underfull \hbox (badness 10000) in paragraph at lines 316--319

 []


Underfull \hbox (badness 10000) in paragraph at lines 316--319

 []

[6]
Underfull \hbox (badness 10000) in paragraph at lines 323--326

 []


Underfull \hbox (badness 10000) in paragraph at lines 323--326

 []


Underfull \hbox (badness 10000) in paragraph at lines 326--329

 []


Underfull \hbox (badness 1895) in paragraph at lines 326--329
\OT1/ptm/m/n/10 If you click on the shoes you want to see the
 []


Underfull \hbox (badness 10000) in paragraph at lines 326--329

 []


** Conference Paper **
Before submitting the final camera ready copy, remember to:

 1. Manually equalize the lengths of two columns on the last page
 of your paper;

 2. Ensure that any PostScript and/or PDF output post-processing
 uses only Type 1 fonts and that every step in the generation
 process uses the appropriate paper size.

[7

] (./MetaKicks.aux) ) 
Here is how much of TeX's memory you used:
 4199 strings out of 478268
 65786 string characters out of 5846346
 374846 words of memory out of 5000000
 22366 multiletter control sequences out of 15000+600000
 506229 words of font info for 99 fonts, out of 8000000 for 9000
 1141 hyphenation exceptions out of 8191
 55i,11n,62p,1167b,266s stack positions out of 10000i,1000n,20000p,200000b,200000s
{/usr/local/texlive/2022/texmf-dist/fonts/enc/dvips/base/8
r.enc}</usr/local/texlive/2022/texmf-dist/fonts/type1/public/amsfonts/cm/cmsy7.
pfb></usr/local/texlive/2022/texmf-dist/fonts/type1/urw/times/utmb8a.pfb></usr/
local/texlive/2022/texmf-dist/fonts/type1/urw/times/utmbi8a.pfb></usr/local/tex
live/2022/texmf-dist/fonts/type1/urw/times/utmr8a.pfb></usr/local/texlive/2022/
texmf-dist/fonts/type1/urw/times/utmri8a.pfb>
Output written on MetaKicks.pdf (7 pages, 372323 bytes).
PDF statistics:
 73 PDF objects out of 1000 (max. 8388607)
 35 compressed objects within 1 object stream
 0 named destinations out of 1000 (max. 500000)
 51 words of extra memory for PDF output out of 10000 (max. 10000000)

